2025-06-11 14:42:33,900 INFO: T:0.00 O2:0.00 CO2:0.00
2025-06-11 14:42:33,901 ERROR: UI crashed; restarting in 5s
Traceback (most recent call last):
  File "/home/brennan/incubator/main.py", line 100, in <module>
    curses.wrapper(
  File "/usr/lib/python3.11/curses/__init__.py", line 94, in wrapper
    return func(stdscr, *args, **kwds)
           ^^^^^^^^^^^^^^^^^^^^^^^^^^^
  File "/home/brennan/incubator/ui_curses.py", line 58, in curses_main
    controllers['heater'].update(t, now)
  File "/home/brennan/incubator/controllers.py", line 21, in update
    GPIO.output(p, state)
RuntimeError: The GPIO channel has not been set up as an OUTPUT
2025-06-11 14:43:59,825 INFO: T:0.00 O2:0.00 CO2:0.00
2025-06-11 14:44:02,237 INFO: T:0.00 O2:0.00 CO2:0.00
2025-06-11 14:44:04,649 INFO: T:0.00 O2:0.00 CO2:0.00
2025-06-11 14:44:07,063 INFO: T:0.00 O2:0.00 CO2:0.00
2025-06-11 14:44:09,474 INFO: T:0.00 O2:0.00 CO2:0.00
2025-06-11 15:44:29,240 ERROR: Failed to init o2 display @0x70
Traceback (most recent call last):
  File "/home/brennan/Desktop/incubator/env/lib/python3.11/site-packages/adafruit_bus_device/i2c_device.py", line 175, in __probe_for_device
    self.i2c.writeto(self.device_address, b"")
  File "/home/brennan/Desktop/incubator/env/lib/python3.11/site-packages/busio.py", line 215, in writeto
    return self._i2c.writeto(address, buffer, stop=True)
           ^^^^^^^^^^^^^^^^^^^^^^^^^^^^^^^^^^^^^^^^^^^^^
  File "/home/brennan/Desktop/incubator/env/lib/python3.11/site-packages/adafruit_blinka/microcontroller/generic_linux/i2c.py", line 60, in writeto
    self._i2c_bus.write_bytes(address, buffer[start:end])
  File "/home/brennan/Desktop/incubator/env/lib/python3.11/site-packages/Adafruit_PureIO/smbus.py", line 303, in write_bytes
    self._device.write(buf)
OSError: [Errno 121] Remote I/O error

During handling of the above exception, another exception occurred:

Traceback (most recent call last):
  File "/home/brennan/Desktop/incubator/env/lib/python3.11/site-packages/adafruit_bus_device/i2c_device.py", line 181, in __probe_for_device
    self.i2c.readfrom_into(self.device_address, result)
  File "/home/brennan/Desktop/incubator/env/lib/python3.11/site-packages/busio.py", line 205, in readfrom_into
    return self._i2c.readfrom_into(address, buffer, stop=True)
           ^^^^^^^^^^^^^^^^^^^^^^^^^^^^^^^^^^^^^^^^^^^^^^^^^^^
  File "/home/brennan/Desktop/incubator/env/lib/python3.11/site-packages/adafruit_blinka/microcontroller/generic_linux/i2c.py", line 67, in readfrom_into
    readin = self._i2c_bus.read_bytes(address, end - start)
             ^^^^^^^^^^^^^^^^^^^^^^^^^^^^^^^^^^^^^^^^^^^^^^
  File "/home/brennan/Desktop/incubator/env/lib/python3.11/site-packages/Adafruit_PureIO/smbus.py", line 170, in read_bytes
    return self._device.read(number)
           ^^^^^^^^^^^^^^^^^^^^^^^^^
OSError: [Errno 5] Input/output error

During handling of the above exception, another exception occurred:

Traceback (most recent call last):
  File "/home/brennan/incubator/display.py", line 29, in make_displays
    disp = SafeDisplay(i2c, addr)
           ^^^^^^^^^^^^^^^^^^^^^^
  File "/home/brennan/incubator/display.py", line 10, in __init__
    super().__init__(i2c, address)
  File "/home/brennan/Desktop/incubator/env/lib/python3.11/site-packages/adafruit_ht16k33/segments.py", line 578, in __init__
    super().__init__(i2c, address, auto_write, char_dict, chars_per_display)
  File "/home/brennan/Desktop/incubator/env/lib/python3.11/site-packages/adafruit_ht16k33/segments.py", line 459, in __init__
    super().__init__(i2c, address, auto_write, chars_per_display)
  File "/home/brennan/Desktop/incubator/env/lib/python3.11/site-packages/adafruit_ht16k33/segments.py", line 182, in __init__
    super().__init__(i2c, address, auto_write)
  File "/home/brennan/Desktop/incubator/env/lib/python3.11/site-packages/adafruit_ht16k33/ht16k33.py", line 56, in __init__
    self.i2c_device = [i2c_device.I2CDevice(i2c, address)]
                       ^^^^^^^^^^^^^^^^^^^^^^^^^^^^^^^^^^
  File "/home/brennan/Desktop/incubator/env/lib/python3.11/site-packages/adafruit_bus_device/i2c_device.py", line 62, in __init__
    self.__probe_for_device()
  File "/home/brennan/Desktop/incubator/env/lib/python3.11/site-packages/adafruit_bus_device/i2c_device.py", line 184, in __probe_for_device
    raise ValueError("No I2C device at address: 0x%x" % self.device_address)
ValueError: No I2C device at address: 0x70
2025-06-11 15:44:29,268 ERROR: Failed to init co2 display @0x71
Traceback (most recent call last):
  File "/home/brennan/incubator/display.py", line 29, in make_displays
    disp = SafeDisplay(i2c, addr)
           ^^^^^^^^^^^^^^^^^^^^^^
  File "/home/brennan/incubator/display.py", line 10, in __init__
    super().__init__(i2c, address)
  File "/home/brennan/Desktop/incubator/env/lib/python3.11/site-packages/adafruit_ht16k33/segments.py", line 578, in __init__
    super().__init__(i2c, address, auto_write, char_dict, chars_per_display)
  File "/home/brennan/Desktop/incubator/env/lib/python3.11/site-packages/adafruit_ht16k33/segments.py", line 459, in __init__
    super().__init__(i2c, address, auto_write, chars_per_display)
  File "/home/brennan/Desktop/incubator/env/lib/python3.11/site-packages/adafruit_ht16k33/segments.py", line 182, in __init__
    super().__init__(i2c, address, auto_write)
  File "/home/brennan/Desktop/incubator/env/lib/python3.11/site-packages/adafruit_ht16k33/ht16k33.py", line 61, in __init__
    self.fill(0)
  File "/home/brennan/Desktop/incubator/env/lib/python3.11/site-packages/adafruit_ht16k33/ht16k33.py", line 141, in fill
    self.show()
  File "/home/brennan/Desktop/incubator/env/lib/python3.11/site-packages/adafruit_ht16k33/ht16k33.py", line 128, in show
    i2c_dev.write(buffer)
  File "/home/brennan/Desktop/incubator/env/lib/python3.11/site-packages/adafruit_bus_device/i2c_device.py", line 100, in write
    self.i2c.writeto(self.device_address, buf, start=start, end=end)
  File "/home/brennan/Desktop/incubator/env/lib/python3.11/site-packages/busio.py", line 214, in writeto
    return self._i2c.writeto(address, memoryview(buffer)[start:end], stop=True)
           ^^^^^^^^^^^^^^^^^^^^^^^^^^^^^^^^^^^^^^^^^^^^^^^^^^^^^^^^^^^^^^^^^^^^
  File "/home/brennan/Desktop/incubator/env/lib/python3.11/site-packages/adafruit_blinka/microcontroller/generic_linux/i2c.py", line 60, in writeto
    self._i2c_bus.write_bytes(address, buffer[start:end])
  File "/home/brennan/Desktop/incubator/env/lib/python3.11/site-packages/Adafruit_PureIO/smbus.py", line 303, in write_bytes
    self._device.write(buf)
OSError: [Errno 5] Input/output error
2025-06-11 15:44:34,308 INFO: T:21.20 O2:0.00 CO2:21.15
2025-06-11 15:44:34,311 ERROR: 7-seg print failed
Traceback (most recent call last):
  File "/home/brennan/incubator/display.py", line 14, in safe_print
    self.print(s)
  File "/home/brennan/Desktop/incubator/env/lib/python3.11/site-packages/adafruit_ht16k33/segments.py", line 211, in print
    self.show()
  File "/home/brennan/Desktop/incubator/env/lib/python3.11/site-packages/adafruit_ht16k33/ht16k33.py", line 128, in show
    i2c_dev.write(buffer)
  File "/home/brennan/Desktop/incubator/env/lib/python3.11/site-packages/adafruit_bus_device/i2c_device.py", line 100, in write
    self.i2c.writeto(self.device_address, buf, start=start, end=end)
  File "/home/brennan/Desktop/incubator/env/lib/python3.11/site-packages/busio.py", line 214, in writeto
    return self._i2c.writeto(address, memoryview(buffer)[start:end], stop=True)
           ^^^^^^^^^^^^^^^^^^^^^^^^^^^^^^^^^^^^^^^^^^^^^^^^^^^^^^^^^^^^^^^^^^^^
  File "/home/brennan/Desktop/incubator/env/lib/python3.11/site-packages/adafruit_blinka/microcontroller/generic_linux/i2c.py", line 60, in writeto
    self._i2c_bus.write_bytes(address, buffer[start:end])
  File "/home/brennan/Desktop/incubator/env/lib/python3.11/site-packages/Adafruit_PureIO/smbus.py", line 303, in write_bytes
    self._device.write(buf)
OSError: [Errno 5] Input/output error
2025-06-11 15:44:39,524 INFO: T:21.21 O2:0.00 CO2:21.14
2025-06-11 15:44:44,740 INFO: T:21.21 O2:0.00 CO2:21.15
2025-06-11 15:44:49,956 INFO: T:21.21 O2:0.00 CO2:21.15
2025-06-11 15:44:51,789 INFO: Signal 2 received, shutting down
2025-06-11 15:46:50,084 INFO: T:21.25 O2:20.37 CO2:0.11
2025-06-11 15:46:50,087 ERROR: 7-seg print failed
Traceback (most recent call last):
  File "/home/brennan/incubator/display.py", line 14, in safe_print
    self.print(s)
  File "/home/brennan/Desktop/incubator/env/lib/python3.11/site-packages/adafruit_ht16k33/segments.py", line 211, in print
    self.show()
  File "/home/brennan/Desktop/incubator/env/lib/python3.11/site-packages/adafruit_ht16k33/ht16k33.py", line 128, in show
    i2c_dev.write(buffer)
  File "/home/brennan/Desktop/incubator/env/lib/python3.11/site-packages/adafruit_bus_device/i2c_device.py", line 100, in write
    self.i2c.writeto(self.device_address, buf, start=start, end=end)
  File "/home/brennan/Desktop/incubator/env/lib/python3.11/site-packages/busio.py", line 214, in writeto
    return self._i2c.writeto(address, memoryview(buffer)[start:end], stop=True)
           ^^^^^^^^^^^^^^^^^^^^^^^^^^^^^^^^^^^^^^^^^^^^^^^^^^^^^^^^^^^^^^^^^^^^
  File "/home/brennan/Desktop/incubator/env/lib/python3.11/site-packages/adafruit_blinka/microcontroller/generic_linux/i2c.py", line 60, in writeto
    self._i2c_bus.write_bytes(address, buffer[start:end])
  File "/home/brennan/Desktop/incubator/env/lib/python3.11/site-packages/Adafruit_PureIO/smbus.py", line 303, in write_bytes
    self._device.write(buf)
OSError: [Errno 5] Input/output error
2025-06-11 15:46:55,332 INFO: T:21.27 O2:20.32 CO2:0.27
2025-06-11 15:46:55,335 ERROR: 7-seg print failed
Traceback (most recent call last):
  File "/home/brennan/incubator/display.py", line 14, in safe_print
    self.print(s)
  File "/home/brennan/Desktop/incubator/env/lib/python3.11/site-packages/adafruit_ht16k33/segments.py", line 211, in print
    self.show()
  File "/home/brennan/Desktop/incubator/env/lib/python3.11/site-packages/adafruit_ht16k33/ht16k33.py", line 128, in show
    i2c_dev.write(buffer)
  File "/home/brennan/Desktop/incubator/env/lib/python3.11/site-packages/adafruit_bus_device/i2c_device.py", line 100, in write
    self.i2c.writeto(self.device_address, buf, start=start, end=end)
  File "/home/brennan/Desktop/incubator/env/lib/python3.11/site-packages/busio.py", line 214, in writeto
    return self._i2c.writeto(address, memoryview(buffer)[start:end], stop=True)
           ^^^^^^^^^^^^^^^^^^^^^^^^^^^^^^^^^^^^^^^^^^^^^^^^^^^^^^^^^^^^^^^^^^^^
  File "/home/brennan/Desktop/incubator/env/lib/python3.11/site-packages/adafruit_blinka/microcontroller/generic_linux/i2c.py", line 60, in writeto
    self._i2c_bus.write_bytes(address, buffer[start:end])
  File "/home/brennan/Desktop/incubator/env/lib/python3.11/site-packages/Adafruit_PureIO/smbus.py", line 303, in write_bytes
    self._device.write(buf)
OSError: [Errno 5] Input/output error
2025-06-11 15:46:55,343 ERROR: 7-seg print failed
Traceback (most recent call last):
  File "/home/brennan/incubator/display.py", line 14, in safe_print
    self.print(s)
  File "/home/brennan/Desktop/incubator/env/lib/python3.11/site-packages/adafruit_ht16k33/segments.py", line 211, in print
    self.show()
  File "/home/brennan/Desktop/incubator/env/lib/python3.11/site-packages/adafruit_ht16k33/ht16k33.py", line 128, in show
    i2c_dev.write(buffer)
  File "/home/brennan/Desktop/incubator/env/lib/python3.11/site-packages/adafruit_bus_device/i2c_device.py", line 100, in write
    self.i2c.writeto(self.device_address, buf, start=start, end=end)
  File "/home/brennan/Desktop/incubator/env/lib/python3.11/site-packages/busio.py", line 214, in writeto
    return self._i2c.writeto(address, memoryview(buffer)[start:end], stop=True)
           ^^^^^^^^^^^^^^^^^^^^^^^^^^^^^^^^^^^^^^^^^^^^^^^^^^^^^^^^^^^^^^^^^^^^
  File "/home/brennan/Desktop/incubator/env/lib/python3.11/site-packages/adafruit_blinka/microcontroller/generic_linux/i2c.py", line 60, in writeto
    self._i2c_bus.write_bytes(address, buffer[start:end])
  File "/home/brennan/Desktop/incubator/env/lib/python3.11/site-packages/Adafruit_PureIO/smbus.py", line 303, in write_bytes
    self._device.write(buf)
OSError: [Errno 5] Input/output error
2025-06-11 15:47:00,580 INFO: T:21.29 O2:19.30 CO2:1.23
2025-06-11 15:47:05,796 INFO: T:21.30 O2:18.01 CO2:2.86
2025-06-11 15:47:11,012 INFO: T:21.29 O2:16.76 CO2:5.17
2025-06-11 15:47:16,228 INFO: T:21.32 O2:15.61 CO2:7.49
2025-06-11 15:47:21,444 INFO: T:21.34 O2:14.83 CO2:9.40
2025-06-11 15:47:26,660 INFO: T:21.35 O2:14.12 CO2:10.19
2025-06-11 15:47:31,876 INFO: T:21.39 O2:13.38 CO2:10.37
2025-06-11 15:47:37,092 INFO: T:21.39 O2:12.75 CO2:10.24
2025-06-11 15:47:42,308 INFO: T:21.43 O2:12.11 CO2:9.94
2025-06-11 15:47:47,524 INFO: T:21.48 O2:11.62 CO2:9.52
2025-06-11 15:47:52,740 INFO: T:21.50 O2:11.04 CO2:9.14
2025-06-11 15:47:57,956 INFO: T:21.54 O2:10.59 CO2:8.68
2025-06-11 15:48:03,172 INFO: T:21.57 O2:10.07 CO2:8.31
2025-06-11 15:48:08,388 INFO: T:21.58 O2:9.67 CO2:7.89
2025-06-11 15:48:13,603 INFO: T:21.62 O2:9.20 CO2:7.55
2025-06-11 15:48:18,820 INFO: T:21.68 O2:8.72 CO2:7.14
2025-06-11 15:48:24,035 INFO: T:21.71 O2:8.36 CO2:6.84
2025-06-11 15:48:29,252 INFO: T:21.74 O2:7.96 CO2:6.50
2025-06-11 15:48:34,468 INFO: T:21.79 O2:7.65 CO2:6.22
2025-06-11 15:48:39,684 INFO: T:21.85 O2:7.28 CO2:5.92
2025-06-11 15:48:44,899 INFO: T:21.88 O2:6.98 CO2:5.64
2025-06-11 15:48:50,116 INFO: T:21.93 O2:6.64 CO2:5.38
2025-06-11 15:48:55,331 INFO: T:21.97 O2:6.38 CO2:5.13
2025-06-11 15:49:00,548 INFO: T:22.02 O2:6.08 CO2:4.89
2025-06-11 15:49:05,763 INFO: T:22.07 O2:5.77 CO2:4.64
2025-06-11 15:49:10,980 INFO: T:22.12 O2:5.54 CO2:4.44
2025-06-11 15:49:16,196 INFO: T:22.17 O2:5.29 CO2:4.25
2025-06-11 15:49:21,412 INFO: T:22.21 O2:5.08 CO2:4.27
2025-06-11 15:49:26,627 INFO: T:22.26 O2:4.74 CO2:5.30
2025-06-11 15:49:31,844 INFO: T:22.31 O2:4.47 CO2:6.85
2025-06-11 15:49:37,060 INFO: T:22.34 O2:4.24 CO2:8.08
2025-06-11 15:49:42,276 INFO: T:22.41 O2:4.04 CO2:8.52
2025-06-11 15:49:47,492 INFO: T:22.46 O2:3.88 CO2:8.54
2025-06-11 15:49:52,708 INFO: T:22.50 O2:3.70 CO2:8.29
2025-06-11 15:49:57,924 INFO: T:22.57 O2:3.53 CO2:7.92
2025-06-11 15:50:03,139 INFO: T:22.61 O2:3.40 CO2:7.54
2025-06-11 15:50:08,355 INFO: T:22.65 O2:3.26 CO2:7.19
2025-06-11 15:50:13,572 INFO: T:22.72 O2:3.10 CO2:6.89
2025-06-11 15:50:18,788 INFO: T:22.79 O2:2.97 CO2:6.57
2025-06-11 15:50:24,004 INFO: T:22.82 O2:2.88 CO2:6.25
2025-06-11 15:50:29,219 INFO: T:22.89 O2:2.77 CO2:5.97
2025-06-11 15:50:34,436 INFO: T:22.92 O2:2.64 CO2:5.70
2025-06-11 15:50:39,652 INFO: T:22.99 O2:2.54 CO2:5.44
2025-06-11 15:50:44,868 INFO: T:23.04 O2:2.43 CO2:5.17
2025-06-11 15:50:50,084 INFO: T:23.09 O2:2.35 CO2:4.94
2025-06-11 15:50:55,300 INFO: T:23.14 O2:2.31 CO2:4.78
2025-06-11 15:51:00,516 INFO: T:23.20 O2:2.24 CO2:4.63
2025-06-11 15:51:05,732 INFO: T:23.25 O2:2.16 CO2:4.45
2025-06-11 15:51:10,948 INFO: T:23.31 O2:2.14 CO2:4.36
2025-06-11 15:51:16,164 INFO: T:23.36 O2:2.14 CO2:4.29
2025-06-11 15:51:21,380 INFO: T:23.43 O2:2.13 CO2:4.49
2025-06-11 15:51:26,596 INFO: T:23.48 O2:2.11 CO2:5.56
2025-06-11 15:51:31,812 INFO: T:23.54 O2:2.07 CO2:7.36
2025-06-11 15:51:37,028 INFO: T:23.59 O2:2.04 CO2:8.76
2025-06-11 15:51:42,243 INFO: T:23.64 O2:2.04 CO2:9.73
2025-06-11 15:51:47,460 INFO: T:23.70 O2:2.03 CO2:10.14
2025-06-11 15:51:52,675 INFO: T:23.76 O2:2.03 CO2:10.38
2025-06-11 15:51:57,892 INFO: T:23.82 O2:2.03 CO2:10.46
2025-06-11 15:52:03,108 INFO: T:23.89 O2:2.03 CO2:10.62
2025-06-11 15:52:08,323 INFO: T:23.96 O2:2.03 CO2:10.59
2025-06-11 15:52:13,540 INFO: T:24.00 O2:2.02 CO2:10.62
2025-06-11 15:52:18,756 INFO: T:24.05 O2:2.02 CO2:10.57
2025-06-11 15:52:23,972 INFO: T:24.11 O2:2.02 CO2:10.54
2025-06-11 15:52:29,188 INFO: T:24.18 O2:2.02 CO2:10.49
2025-06-11 15:52:34,404 INFO: T:24.22 O2:2.02 CO2:10.55
2025-06-11 15:52:39,620 INFO: T:24.27 O2:2.02 CO2:10.57
2025-06-11 15:52:44,836 INFO: T:24.32 O2:2.03 CO2:10.62
2025-06-11 15:52:50,052 INFO: T:24.41 O2:2.03 CO2:10.54
2025-06-11 15:52:55,267 INFO: T:24.45 O2:2.03 CO2:10.55
2025-06-11 15:53:00,484 INFO: T:24.49 O2:2.03 CO2:10.60
2025-06-11 15:53:05,700 INFO: T:24.55 O2:2.03 CO2:10.59
2025-06-11 15:53:10,916 INFO: T:24.61 O2:2.03 CO2:10.64
2025-06-11 15:53:16,132 INFO: T:24.68 O2:2.03 CO2:10.65
2025-06-11 15:53:21,348 INFO: T:24.73 O2:2.03 CO2:10.62
2025-06-11 15:53:26,564 INFO: T:24.79 O2:2.04 CO2:10.63
2025-06-11 15:53:31,780 INFO: T:24.83 O2:2.04 CO2:10.61
2025-06-11 15:53:36,995 INFO: T:24.90 O2:2.04 CO2:10.66
2025-06-11 15:53:42,212 INFO: T:24.95 O2:2.04 CO2:10.64
2025-06-11 15:53:47,428 INFO: T:25.01 O2:2.04 CO2:10.59
2025-06-11 15:53:52,644 INFO: T:25.08 O2:2.04 CO2:10.62
2025-06-11 15:53:57,860 INFO: T:25.15 O2:2.05 CO2:10.60
2025-06-11 15:54:03,076 INFO: T:25.19 O2:2.05 CO2:10.61
2025-06-11 15:54:08,291 INFO: T:25.25 O2:2.05 CO2:10.59
2025-06-11 15:54:13,508 INFO: T:25.29 O2:2.05 CO2:10.54
2025-06-11 15:54:18,723 INFO: T:25.34 O2:2.05 CO2:10.60
2025-06-11 15:54:23,940 INFO: T:25.41 O2:2.06 CO2:10.65
2025-06-11 15:54:29,156 INFO: T:25.46 O2:2.06 CO2:10.60
2025-06-11 15:54:34,372 INFO: T:25.51 O2:2.06 CO2:10.61
2025-06-11 15:54:39,588 INFO: T:25.58 O2:2.06 CO2:10.59
2025-06-11 15:54:44,804 INFO: T:25.61 O2:2.06 CO2:10.58
2025-06-11 15:54:50,051 INFO: T:25.68 O2:2.06 CO2:10.62
2025-06-11 15:54:55,268 INFO: T:25.74 O2:2.06 CO2:10.64
2025-06-11 15:55:00,484 INFO: T:25.80 O2:2.06 CO2:10.60
2025-06-11 15:55:05,700 INFO: T:25.82 O2:2.07 CO2:10.54
2025-06-11 15:55:10,915 INFO: T:25.91 O2:2.07 CO2:10.52
2025-06-11 15:55:16,132 INFO: T:25.94 O2:2.07 CO2:10.59
2025-06-11 15:55:21,347 INFO: T:26.02 O2:2.07 CO2:10.54
2025-06-11 15:55:26,564 INFO: T:26.07 O2:2.07 CO2:10.52
2025-06-11 15:55:31,780 INFO: T:26.12 O2:2.07 CO2:10.50
2025-06-11 15:55:36,996 INFO: T:26.17 O2:2.07 CO2:10.49
2025-06-11 15:55:42,212 INFO: T:26.23 O2:2.07 CO2:10.49
2025-06-11 15:55:47,428 INFO: T:26.30 O2:2.07 CO2:10.48
2025-06-11 15:55:52,644 INFO: T:26.34 O2:2.07 CO2:10.47
2025-06-11 15:55:57,860 INFO: T:26.40 O2:2.07 CO2:10.47
2025-06-11 15:56:03,076 INFO: T:26.43 O2:2.08 CO2:10.51
2025-06-11 15:56:08,292 INFO: T:26.49 O2:2.08 CO2:10.52
2025-06-11 15:57:54,661 INFO: T:27.15 O2:2.11 CO2:10.58
2025-06-11 15:57:54,666 ERROR: 7-seg print failed
Traceback (most recent call last):
  File "/home/brennan/incubator/display.py", line 14, in safe_print
    self.print(s)
  File "/home/brennan/Desktop/incubator/env/lib/python3.11/site-packages/adafruit_ht16k33/segments.py", line 211, in print
    self.show()
  File "/home/brennan/Desktop/incubator/env/lib/python3.11/site-packages/adafruit_ht16k33/ht16k33.py", line 128, in show
    i2c_dev.write(buffer)
  File "/home/brennan/Desktop/incubator/env/lib/python3.11/site-packages/adafruit_bus_device/i2c_device.py", line 100, in write
    self.i2c.writeto(self.device_address, buf, start=start, end=end)
  File "/home/brennan/Desktop/incubator/env/lib/python3.11/site-packages/busio.py", line 214, in writeto
    return self._i2c.writeto(address, memoryview(buffer)[start:end], stop=True)
           ^^^^^^^^^^^^^^^^^^^^^^^^^^^^^^^^^^^^^^^^^^^^^^^^^^^^^^^^^^^^^^^^^^^^
  File "/home/brennan/Desktop/incubator/env/lib/python3.11/site-packages/adafruit_blinka/microcontroller/generic_linux/i2c.py", line 60, in writeto
    self._i2c_bus.write_bytes(address, buffer[start:end])
  File "/home/brennan/Desktop/incubator/env/lib/python3.11/site-packages/Adafruit_PureIO/smbus.py", line 303, in write_bytes
    self._device.write(buf)
OSError: [Errno 5] Input/output error
2025-06-11 15:58:00,195 INFO: T:27.16 O2:2.11 CO2:10.54
2025-06-11 15:58:00,197 ERROR: 7-seg print failed
Traceback (most recent call last):
  File "/home/brennan/incubator/display.py", line 14, in safe_print
    self.print(s)
  File "/home/brennan/Desktop/incubator/env/lib/python3.11/site-packages/adafruit_ht16k33/segments.py", line 211, in print
    self.show()
  File "/home/brennan/Desktop/incubator/env/lib/python3.11/site-packages/adafruit_ht16k33/ht16k33.py", line 128, in show
    i2c_dev.write(buffer)
  File "/home/brennan/Desktop/incubator/env/lib/python3.11/site-packages/adafruit_bus_device/i2c_device.py", line 100, in write
    self.i2c.writeto(self.device_address, buf, start=start, end=end)
  File "/home/brennan/Desktop/incubator/env/lib/python3.11/site-packages/busio.py", line 214, in writeto
    return self._i2c.writeto(address, memoryview(buffer)[start:end], stop=True)
           ^^^^^^^^^^^^^^^^^^^^^^^^^^^^^^^^^^^^^^^^^^^^^^^^^^^^^^^^^^^^^^^^^^^^
  File "/home/brennan/Desktop/incubator/env/lib/python3.11/site-packages/adafruit_blinka/microcontroller/generic_linux/i2c.py", line 60, in writeto
    self._i2c_bus.write_bytes(address, buffer[start:end])
  File "/home/brennan/Desktop/incubator/env/lib/python3.11/site-packages/Adafruit_PureIO/smbus.py", line 303, in write_bytes
    self._device.write(buf)
OSError: [Errno 5] Input/output error
2025-06-11 15:58:00,202 ERROR: 7-seg print failed
Traceback (most recent call last):
  File "/home/brennan/incubator/display.py", line 14, in safe_print
    self.print(s)
  File "/home/brennan/Desktop/incubator/env/lib/python3.11/site-packages/adafruit_ht16k33/segments.py", line 211, in print
    self.show()
  File "/home/brennan/Desktop/incubator/env/lib/python3.11/site-packages/adafruit_ht16k33/ht16k33.py", line 128, in show
    i2c_dev.write(buffer)
  File "/home/brennan/Desktop/incubator/env/lib/python3.11/site-packages/adafruit_bus_device/i2c_device.py", line 100, in write
    self.i2c.writeto(self.device_address, buf, start=start, end=end)
  File "/home/brennan/Desktop/incubator/env/lib/python3.11/site-packages/busio.py", line 214, in writeto
    return self._i2c.writeto(address, memoryview(buffer)[start:end], stop=True)
           ^^^^^^^^^^^^^^^^^^^^^^^^^^^^^^^^^^^^^^^^^^^^^^^^^^^^^^^^^^^^^^^^^^^^
  File "/home/brennan/Desktop/incubator/env/lib/python3.11/site-packages/adafruit_blinka/microcontroller/generic_linux/i2c.py", line 60, in writeto
    self._i2c_bus.write_bytes(address, buffer[start:end])
  File "/home/brennan/Desktop/incubator/env/lib/python3.11/site-packages/Adafruit_PureIO/smbus.py", line 303, in write_bytes
    self._device.write(buf)
OSError: [Errno 5] Input/output error
2025-06-11 15:58:05,443 INFO: T:27.15 O2:2.12 CO2:10.50
2025-06-11 15:58:10,788 INFO: T:27.19 O2:2.12 CO2:10.56
2025-06-11 15:58:16,004 INFO: T:27.19 O2:2.90 CO2:10.22
2025-06-11 15:58:21,220 INFO: T:27.18 O2:9.24 CO2:8.21
2025-06-11 15:58:26,437 INFO: T:27.17 O2:12.23 CO2:6.00
2025-06-11 15:58:31,684 INFO: T:27.17 O2:12.75 CO2:4.81
2025-06-11 15:58:36,932 INFO: T:27.17 O2:12.72 CO2:4.04
2025-06-11 15:58:42,204 INFO: T:27.20 O2:12.36 CO2:3.63
2025-06-11 15:58:47,460 INFO: T:27.19 O2:11.89 CO2:3.32
2025-06-11 15:58:52,676 INFO: T:27.23 O2:11.43 CO2:3.12
2025-06-11 15:58:57,891 INFO: T:27.26 O2:10.91 CO2:2.92
2025-06-11 15:59:03,139 INFO: T:27.30 O2:10.50 CO2:2.77
2025-06-11 15:59:08,357 INFO: T:27.32 O2:9.96 CO2:2.62
2025-06-11 15:59:13,604 INFO: T:27.33 O2:9.48 CO2:2.48
2025-06-11 15:59:18,852 INFO: T:27.38 O2:9.09 CO2:2.37
2025-06-11 15:59:24,100 INFO: T:27.41 O2:8.64 CO2:2.25
2025-06-11 15:59:29,347 INFO: T:27.44 O2:8.30 CO2:2.15
2025-06-11 15:59:34,596 INFO: T:27.48 O2:7.89 CO2:2.06
2025-06-11 15:59:39,812 INFO: T:27.51 O2:7.57 CO2:1.97
2025-06-11 15:59:45,060 INFO: T:27.55 O2:7.19 CO2:1.89
2025-06-11 15:59:50,391 INFO: T:27.56 O2:6.81 CO2:1.80
2025-06-11 15:59:55,620 INFO: T:27.60 O2:6.54 CO2:1.71
2025-06-11 16:00:00,836 INFO: T:27.67 O2:6.21 CO2:1.63
2025-06-11 16:00:06,085 INFO: T:27.70 O2:5.96 CO2:1.55
2025-06-11 16:00:11,412 INFO: T:27.75 O2:5.67 CO2:1.46
2025-06-11 16:00:16,644 INFO: T:27.77 O2:5.45 CO2:1.39
